2023-03-21 10:39:58.333 [main] INFO  Main - Executing squareRoot function!
2023-03-21 10:40:06.608 [main] INFO  Main - Executing factorial function!
2023-03-21 10:40:11.501 [main] INFO  Main - Executing log function!
2023-03-21 10:44:13.065 [main] INFO  Main - Executing squareRoot function!
2023-03-21 10:44:16.129 [main] INFO  Main - Executing factorial function!
2023-03-21 10:44:19.809 [main] INFO  Main - Executing log function!
2023-03-21 11:31:19.779 [main] INFO  Main - Executing squareRoot function!
2023-03-21 11:31:23.421 [main] INFO  Main - Executing squareRoot function!
2023-03-21 11:31:28.620 [main] INFO  Main - Executing log function!
2023-03-21 11:32:24.266 [main] INFO  Main - Executing squareRoot function!
2023-03-21 11:32:30.045 [main] INFO  Main - Executing squareRoot function!
2023-03-21 11:32:39.240 [main] INFO  Main - Executing factorial function!
2023-03-21 11:32:42.261 [main] INFO  Main - Executing log function!
2023-03-21 11:32:44.847 [main] INFO  Main - 
Executing power function!
2023-03-21 11:33:29.324 [main] INFO  Main - Executing factorial function!
2023-03-21 11:33:29.332 [main] INFO  Main - Executing log function!
2023-03-21 11:33:29.333 [main] INFO  Main - Executing squareRoot function!
2023-03-21 11:33:29.342 [main] INFO  Main - Executing power function!
2023-03-21 11:36:39.503 [main] INFO  Main - Executing factorial function!
2023-03-21 11:36:39.510 [main] INFO  Main - Executing log function!
2023-03-21 11:36:39.511 [main] INFO  Main - Executing squareRoot function!
2023-03-21 11:36:39.523 [main] INFO  Main - Executing power function!
2023-03-21 18:06:26.850 [main] INFO  Main - Executing factorial function!
2023-03-21 18:06:26.853 [main] INFO  Main - Executing factorial function!
2023-03-21 18:06:26.859 [main] INFO  Main - Executing log function!
2023-03-21 18:06:26.860 [main] INFO  Main - Executing squareRoot function!
2023-03-21 18:06:26.860 [main] INFO  Main - Executing squareRoot function!
2023-03-21 18:06:26.871 [main] INFO  Main - Executing power function!
2023-03-21 18:06:26.871 [main] INFO  Main - Executing power function!
2023-03-21 18:07:03.333 [main] INFO  Main - Executing factorial function!
2023-03-21 18:07:03.335 [main] INFO  Main - Executing factorial function!
2023-03-21 18:07:03.341 [main] INFO  Main - Executing log function!
2023-03-21 18:07:03.342 [main] INFO  Main - Executing squareRoot function!
2023-03-21 18:07:03.342 [main] INFO  Main - Executing squareRoot function!
2023-03-21 18:07:03.351 [main] INFO  Main - Executing power function!
2023-03-21 18:07:03.352 [main] INFO  Main - Executing power function!
